0 info it worked if it ends with ok
1 verbose cli [ 'C:\\Program Files\\nodejs\\node.exe',
1 verbose cli   'C:\\Program Files\\nodejs\\node_modules\\npm\\bin\\npm-cli.js',
1 verbose cli   'run',
1 verbose cli   'test' ]
2 info using npm@3.10.10
3 info using node@v6.11.3
4 verbose run-script [ 'pretest', 'test', 'posttest' ]
5 info lifecycle build-apis-project-3-reddit@0.1.0~pretest: build-apis-project-3-reddit@0.1.0
6 silly lifecycle build-apis-project-3-reddit@0.1.0~pretest: no script for pretest, continuing
7 info lifecycle build-apis-project-3-reddit@0.1.0~test: build-apis-project-3-reddit@0.1.0
8 verbose lifecycle build-apis-project-3-reddit@0.1.0~test: unsafe-perm in lifecycle true
9 verbose lifecycle build-apis-project-3-reddit@0.1.0~test: PATH: C:\Program Files\nodejs\node_modules\npm\bin\node-gyp-bin;C:\Users\kolte\desktop\projects\project-3-the-scoop\node_modules\.bin;C:\Users\kolte\bin;C:\Program Files\Git\mingw64\bin;C:\Program Files\Git\usr\local\bin;C:\Program Files\Git\usr\bin;C:\Program Files\Git\usr\bin;C:\Program Files\Git\mingw64\bin;C:\Program Files\Git\usr\bin;C:\Users\kolte\bin;C:\ProgramData\Oracle\Java\javapath;C:\Program Files (x86)\Intel\iCLS Client;C:\Program Files\Intel\iCLS Client;C:\WINDOWS\system32;C:\WINDOWS;C:\WINDOWS\System32\Wbem;C:\WINDOWS\System32\WindowsPowerShell\v1.0;C:\Program Files (x86)\Intel\Intel(R) Management Engine Components\DAL;C:\Program Files\Intel\Intel(R) Management Engine Components\DAL;C:\Program Files (x86)\Intel\Intel(R) Management Engine Components\IPT;C:\Program Files\Intel\Intel(R) Management Engine Components\IPT;C:\Program Files\Intel\WiFi\bin;C:\Program Files\Common Files\Intel\WirelessCommon;C:\Program Files\Java\jdk1.8.0_121\bin;C:\Program Files (x86)\Brackets\command;C:\Program Files (x86)\Skype\Phone;C:\Program Files\Git\cmd;C:\Program Files\nodejs;C:\Program Files\dotnet;C:\Program Files\Microsoft SQL Server\130\Tools\Binn;C:\Users\kolte\AppData\Local\Microsoft\WindowsApps;C:\Users\kolte\AppData\Roaming\npm;C:\Users\kolte\AppData\Local\atom\bin;C:\Users\kolte\AppData\Local\GitHubDesktop\bin;%USERPROFILE%\AppData\Local\Microsoft\WindowsApps;C:\Program Files\Git\usr\bin\vendor_perl;C:\Program Files\Git\usr\bin\core_perl
10 verbose lifecycle build-apis-project-3-reddit@0.1.0~test: CWD: C:\Users\kolte\desktop\projects\project-3-the-scoop
11 silly lifecycle build-apis-project-3-reddit@0.1.0~test: Args: [ '/d /s /c', 'mocha' ]
12 silly lifecycle build-apis-project-3-reddit@0.1.0~test: Returned: code: 2  signal: null
13 info lifecycle build-apis-project-3-reddit@0.1.0~test: Failed to exec test script
14 verbose stack Error: build-apis-project-3-reddit@0.1.0 test: `mocha`
14 verbose stack Exit status 2
14 verbose stack     at EventEmitter.<anonymous> (C:\Program Files\nodejs\node_modules\npm\lib\utils\lifecycle.js:255:16)
14 verbose stack     at emitTwo (events.js:106:13)
14 verbose stack     at EventEmitter.emit (events.js:191:7)
14 verbose stack     at ChildProcess.<anonymous> (C:\Program Files\nodejs\node_modules\npm\lib\utils\spawn.js:40:14)
14 verbose stack     at emitTwo (events.js:106:13)
14 verbose stack     at ChildProcess.emit (events.js:191:7)
14 verbose stack     at maybeClose (internal/child_process.js:920:16)
14 verbose stack     at Process.ChildProcess._handle.onexit (internal/child_process.js:230:5)
15 verbose pkgid build-apis-project-3-reddit@0.1.0
16 verbose cwd C:\Users\kolte\desktop\projects\project-3-the-scoop
17 error Windows_NT 10.0.16299
18 error argv "C:\\Program Files\\nodejs\\node.exe" "C:\\Program Files\\nodejs\\node_modules\\npm\\bin\\npm-cli.js" "run" "test"
19 error node v6.11.3
20 error npm  v3.10.10
21 error code ELIFECYCLE
22 error build-apis-project-3-reddit@0.1.0 test: `mocha`
22 error Exit status 2
23 error Failed at the build-apis-project-3-reddit@0.1.0 test script 'mocha'.
23 error Make sure you have the latest version of node.js and npm installed.
23 error If you do, this is most likely a problem with the build-apis-project-3-reddit package,
23 error not with npm itself.
23 error Tell the author that this fails on your system:
23 error     mocha
23 error You can get information on how to open an issue for this project with:
23 error     npm bugs build-apis-project-3-reddit
23 error Or if that isn't available, you can get their info via:
23 error     npm owner ls build-apis-project-3-reddit
23 error There is likely additional logging output above.
24 verbose exit [ 1, true ]
